[2026-02-22 15:21:30] Submission failed | Context: {"error":"Unknown column 'certificate_name' in 'field list'","client":"Jom Almario","trace":"#0 C:\\xampp\\htdocs\\ao\\client\\submit_request.php(128): mysqli->prepare('\\r\\n        INSER...')\n#1 {main}"}
[2026-02-22 15:21:38] Submission failed | Context: {"error":"Unknown column 'certificate_name' in 'field list'","client":"Jom Almario","trace":"#0 C:\\xampp\\htdocs\\ao\\client\\submit_request.php(128): mysqli->prepare('\\r\\n        INSER...')\n#1 {main}"}
[2026-02-22 15:21:52] Submission failed | Context: {"error":"Unknown column 'certificate_name' in 'field list'","client":"Jom Almario","trace":"#0 C:\\xampp\\htdocs\\ao\\client\\submit_request.php(128): mysqli->prepare('\\r\\n        INSER...')\n#1 {main}"}
[2026-02-22 15:22:02] Submission failed | Context: {"error":"Unknown column 'certificate_name' in 'field list'","client":"Jom Almario","trace":"#0 C:\\xampp\\htdocs\\ao\\client\\submit_request.php(128): mysqli->prepare('\\r\\n        INSER...')\n#1 {main}"}
[2026-02-22 15:22:08] Submission failed | Context: {"error":"Unknown column 'certificate_name' in 'field list'","client":"Jom Almario","trace":"#0 C:\\xampp\\htdocs\\ao\\client\\submit_request.php(128): mysqli->prepare('\\r\\n        INSER...')\n#1 {main}"}
[2026-02-22 15:28:00] Submission failed | Context: {"error":"Unknown column 'certificate_name' in 'field list'","client":"Jom Almario","trace":"#0 C:\\xampp\\htdocs\\ao\\client\\submit_request.php(128): mysqli->prepare('\\r\\n        INSER...')\n#1 {main}"}
[2026-02-22 15:28:08] Submission failed | Context: {"error":"Unknown column 'certificate_name' in 'field list'","client":"Jom Almario","trace":"#0 C:\\xampp\\htdocs\\ao\\client\\submit_request.php(128): mysqli->prepare('\\r\\n        INSER...')\n#1 {main}"}
[2026-02-22 16:10:05] Submission failed | Context: {"error":"Column 'client_id' cannot be null","client":"Jomari Almario","trace":"#0 C:\\xampp\\htdocs\\ao\\client\\submit_request.php(128): mysqli_stmt->execute()\n#1 {main}"}
[2026-02-22 16:10:18] Submission failed | Context: {"error":"Column 'client_id' cannot be null","client":"Jomari Almario","trace":"#0 C:\\xampp\\htdocs\\ao\\client\\submit_request.php(128): mysqli_stmt->execute()\n#1 {main}"}
[2026-02-22 16:18:14] Submission failed | Context: {"error":"Column 'client_id' cannot be null","client":"Jomari Almario","trace":"#0 C:\\xampp\\htdocs\\ao\\client\\submit_request.php(128): mysqli_stmt->execute()\n#1 {main}"}
[2026-02-22 16:18:24] Submission failed | Context: {"error":"Column 'client_id' cannot be null","client":"Jomari Almario","trace":"#0 C:\\xampp\\htdocs\\ao\\client\\submit_request.php(128): mysqli_stmt->execute()\n#1 {main}"}
[2026-02-23 03:39:03] Validation failed | Context: {"client":{"firstname":"test","middlename":"","lastname":"Almario","address":"Quirino","cp_no":"09355466407"}}
[2026-02-23 03:53:59] Validation failed | Context: {"client":{"firstname":"test","middlename":"","lastname":"Almario","address":"Quirino","cp_no":"09355466407"}}
[2026-02-23 03:54:02] Validation failed | Context: {"client":{"firstname":"test","middlename":"","lastname":"Almario","address":"Quirino","cp_no":"09355466407"}}
[2026-02-23 03:54:07] Validation failed | Context: {"client":{"firstname":"test","middlename":"","lastname":"Almario","address":"Quirino","cp_no":"09355466407"}}
[2026-02-23 04:21:49] Validation failed | Context: {"client":{"firstname":"test","middlename":"Baltazar","lastname":"Almario","address":"Quirino","cp_no":"09355466407"}}
[2026-02-23 04:21:54] Validation failed | Context: {"client":{"firstname":"test","middlename":"Baltazar","lastname":"Almario","address":"Quirino","cp_no":"09355466407"}}
[2026-02-23 04:36:43] Validation failed | Context: {"client":{"firstname":"test","middlename":"Baltazar","lastname":"Almario","address":"Quirino","cp_no":"09355466407"}}
[2026-03-12 03:15:47] Certificate request submitted successfully | Context: {"request_id":56,"client_id":69,"client_name":"GENARO ALMARIO","selected_land_holding":{"declared_owner":"Almario,Genaro","owner_address":"San Leonardo,Aglipay,Quirino","property_location":"San Leonardo","title":"","lot":"","arp_no":"14-01-0001-01116","area":"44sqm."},"certificates":["Issuance of True Copy of Tax Declaration"]}
[2026-03-12 06:19:07] Certificate request submitted successfully | Context: {"request_id":57,"client_id":70,"client_name":"GENRARO ALMARIO","selected_land_holding":{"declared_owner":"Almario,Genaro","owner_address":"San Leonardo,Aglipay,Quirino","property_location":"San Leonardo","title":"","lot":"","arp_no":"14-01-0001-01116","area":"44sqm."},"certificates":["Issuance of True Copy of Tax Declaration"]}
[2026-03-25 03:27:57] Certificate request submitted successfully | Context: {"request_id":59,"client_id":72,"client_name":"GENARO ALMARIO","selected_land_holding":{"declared_owner":"Almario,Genaro","owner_address":"San Leonardo,Aglipay,Quirino","property_location":"San Leonardo","title":"","lot":"","arp_no":"14-01-0001-01116","area":"44sqm."},"certificates":["Issuance of True Copy of Tax Declaration"]}
